
> @jobflow/server@0.0.0 build /workspaces/TheNewJobFlowProTest2/packages/server
> tsup

[34mCLI[39m Building entry: src/index.ts
[34mCLI[39m Using tsconfig: tsconfig.json
[34mCLI[39m tsup v7.3.0
[34mCLI[39m Using tsup config: /workspaces/TheNewJobFlowProTest2/packages/server/tsup.config.ts
[34mCLI[39m Target: es2022
[34mCLI[39m Cleaning output folder
[34mESM[39m Build start
[32mESM[39m [1mdist/index.mjs     [22m[32m1.13 KB[39m
[32mESM[39m [1mdist/index.mjs.map [22m[32m1.91 KB[39m
[32mESM[39m ‚ö°Ô∏è Build success in 15ms
[34mDTS[39m Build start
src/db.ts(3,31): error TS2307: Cannot find module '@jobflow/db-master' or its corresponding type declarations.
src/db.ts(4,31): error TS2307: Cannot find module '@jobflow/db-tenant' or its corresponding type declarations.

[31mError: error occured in dts build
    at Worker.<anonymous> (/workspaces/TheNewJobFlowProTest2/node_modules/.pnpm/tsup@7.3.0_postcss@8.5.6_typescript@5.9.3/node_modules/tsup/dist/index.js:2297:26)
    at Worker.emit (node:events:508:28)
    at MessagePort.<anonymous> (node:internal/worker:331:53)
    at [nodejs.internal.kHybridDispatch] (node:internal/event_target:845:20)
    at MessagePort.<anonymous> (node:internal/per_context/messageport:23:28)[39m
[31mDTS[39m [31mBuild error[39m
[31mRollupError: [plugin dts] src/db.ts: Failed to compile. Check the logs above.
    at getRollupError (/workspaces/TheNewJobFlowProTest2/node_modules/.pnpm/rollup@4.54.0/node_modules/rollup/dist/shared/parseAst.js:285:41)
    at Object.error (/workspaces/TheNewJobFlowProTest2/node_modules/.pnpm/rollup@4.54.0/node_modules/rollup/dist/shared/parseAst.js:281:42)
    at Object.error (/workspaces/TheNewJobFlowProTest2/node_modules/.pnpm/rollup@4.54.0/node_modules/rollup/dist/shared/rollup.js:913:32)
    at Object.error (/workspaces/TheNewJobFlowProTest2/node_modules/.pnpm/rollup@4.54.0/node_modules/rollup/dist/shared/rollup.js:22486:42)
    at generateDtsFromTs (/workspaces/TheNewJobFlowProTest2/node_modules/.pnpm/tsup@7.3.0_postcss@8.5.6_typescript@5.9.3/node_modules/tsup/dist/rollup.js:7775:22)
    at /workspaces/TheNewJobFlowProTest2/node_modules/.pnpm/tsup@7.3.0_postcss@8.5.6_typescript@5.9.3/node_modules/tsup/dist/rollup.js:7782:59
    at _nullishCoalesce (/workspaces/TheNewJobFlowProTest2/node_modules/.pnpm/tsup@7.3.0_postcss@8.5.6_typescript@5.9.3/node_modules/tsup/dist/rollup.js:1:198)
    at Object.transform (/workspaces/TheNewJobFlowProTest2/node_modules/.pnpm/tsup@7.3.0_postcss@8.5.6_typescript@5.9.3/node_modules/tsup/dist/rollup.js:7782:18)
    at /workspaces/TheNewJobFlowProTest2/node_modules/.pnpm/rollup@4.54.0/node_modules/rollup/dist/shared/rollup.js:3392:40[39m
src/tenant.ts(3,42): error TS2307: Cannot find module '@jobflow/db-master' or its corresponding type declarations.

[41m[30m‚ÄâELIFECYCLE‚Äâ[39m[49m [31mCommand failed with exit code 1.[39m
